{"Service":"Post-Service","level":"info","message":" Post Server  is running on port 3002","timestamp":"2025-07-27T18:53:55.057Z"}
{"Service":"Post-Service","level":"info","message":"connected to DataBase.","timestamp":"2025-07-27T18:53:55.724Z"}
{"Service":"Post-Service","level":"info","message":" Post Server  is running on port 3002","timestamp":"2025-07-27T18:54:35.378Z"}
{"Service":"Post-Service","level":"info","message":"connected to DataBase.","timestamp":"2025-07-27T18:54:36.072Z"}
{"Service":"Post-Service","level":"info","message":" Post Server  is running on port 3002","timestamp":"2025-07-28T05:38:12.127Z"}
{"Service":"Post-Service","level":"info","message":"connected to DataBase.","timestamp":"2025-07-28T05:38:12.855Z"}
{"Service":"Post-Service","level":"info","message":" Post Server  is running on port 3002","timestamp":"2025-07-28T05:43:06.679Z"}
{"Service":"Post-Service","level":"info","message":"connected to DataBase.","timestamp":"2025-07-28T05:43:07.331Z"}
{"Service":"Post-Service","level":"info","message":" Post Server  is running on port 3002","timestamp":"2025-07-28T05:58:51.260Z"}
{"Service":"Post-Service","level":"info","message":"connected to DataBase.","timestamp":"2025-07-28T05:58:51.860Z"}
{"Service":"Post-Service","level":"info","message":" Post Server  is running on port 3002","timestamp":"2025-07-28T06:33:59.152Z"}
{"Service":"Post-Service","level":"info","message":"connected to DataBase.","timestamp":"2025-07-28T06:33:59.751Z"}
{"Service":"Post-Service","level":"info","message":" Post Server  is running on port 3002","timestamp":"2025-07-28T07:03:24.575Z"}
{"Service":"Post-Service","level":"info","message":"connected to DataBase.","timestamp":"2025-07-28T07:03:25.260Z"}
{"Service":"Post-Service","level":"info","message":"Received POST request to /api/Posts/createPost","timestamp":"2025-07-28T07:11:09.875Z"}
{"Service":"Post-Service","level":"info","message":"Request body , [object Object]","timestamp":"2025-07-28T07:11:09.901Z"}
{"Service":"Post-Service","_message":"Post validation failed","errors":{"content":{"kind":"required","message":"Path `content` is required.","name":"ValidatorError","path":"content","properties":{"message":"Path `content` is required.","path":"content","type":"required"}}},"level":"error","message":"Error creating post: Post validation failed: content: Path `content` is required.","stack":"ValidationError: Post validation failed: content: Path `content` is required.\n    at Document.invalidate (F:\\Micro Services\\Post-Service\\node_modules\\mongoose\\lib\\document.js:3358:32)\n    at F:\\Micro Services\\Post-Service\\node_modules\\mongoose\\lib\\document.js:3119:17\n    at F:\\Micro Services\\Post-Service\\node_modules\\mongoose\\lib\\schemaType.js:1410:9\n    at process.processTicksAndRejections (node:internal/process/task_queues:85:11)","timestamp":"2025-07-28T07:11:09.950Z"}
{"Service":"Post-Service","level":"info","message":"Received POST request to /api/Posts/createPost","timestamp":"2025-07-28T07:12:24.350Z"}
{"Service":"Post-Service","level":"info","message":"Request body , [object Object]","timestamp":"2025-07-28T07:12:24.352Z"}
{"Service":"Post-Service","_message":"Post validation failed","errors":{"content":{"kind":"required","message":"Path `content` is required.","name":"ValidatorError","path":"content","properties":{"message":"Path `content` is required.","path":"content","type":"required"}}},"level":"error","message":"Error creating post: Post validation failed: content: Path `content` is required.","stack":"ValidationError: Post validation failed: content: Path `content` is required.\n    at Document.invalidate (F:\\Micro Services\\Post-Service\\node_modules\\mongoose\\lib\\document.js:3358:32)\n    at F:\\Micro Services\\Post-Service\\node_modules\\mongoose\\lib\\document.js:3119:17\n    at F:\\Micro Services\\Post-Service\\node_modules\\mongoose\\lib\\schemaType.js:1410:9\n    at process.processTicksAndRejections (node:internal/process/task_queues:85:11)","timestamp":"2025-07-28T07:12:24.367Z"}
{"Service":"Post-Service","level":"info","message":"Received POST request to /api/Posts/createPost","timestamp":"2025-07-28T07:12:37.644Z"}
{"Service":"Post-Service","level":"info","message":"Request body , [object Object]","timestamp":"2025-07-28T07:12:37.649Z"}
{"Service":"Post-Service","_message":"Post validation failed","errors":{"content":{"kind":"required","message":"Path `content` is required.","name":"ValidatorError","path":"content","properties":{"message":"Path `content` is required.","path":"content","type":"required"}}},"level":"error","message":"Error creating post: Post validation failed: content: Path `content` is required.","stack":"ValidationError: Post validation failed: content: Path `content` is required.\n    at Document.invalidate (F:\\Micro Services\\Post-Service\\node_modules\\mongoose\\lib\\document.js:3358:32)\n    at F:\\Micro Services\\Post-Service\\node_modules\\mongoose\\lib\\document.js:3119:17\n    at F:\\Micro Services\\Post-Service\\node_modules\\mongoose\\lib\\schemaType.js:1410:9\n    at process.processTicksAndRejections (node:internal/process/task_queues:85:11)","timestamp":"2025-07-28T07:12:37.652Z"}
{"Service":"Post-Service","level":"info","message":" Post Server  is running on port 3002","timestamp":"2025-07-28T07:14:16.631Z"}
{"Service":"Post-Service","level":"info","message":"connected to DataBase.","timestamp":"2025-07-28T07:14:17.169Z"}
{"Service":"Post-Service","level":"info","message":" Post Server  is running on port 3002","timestamp":"2025-07-28T07:15:04.728Z"}
{"Service":"Post-Service","level":"info","message":"connected to DataBase.","timestamp":"2025-07-28T07:15:05.314Z"}
{"Service":"Post-Service","level":"info","message":" Post Server  is running on port 3002","timestamp":"2025-07-28T07:16:06.065Z"}
{"Service":"Post-Service","level":"info","message":"connected to DataBase.","timestamp":"2025-07-28T07:16:06.685Z"}
{"Service":"Post-Service","level":"info","message":" Post Server  is running on port 3002","timestamp":"2025-07-28T07:16:56.448Z"}
{"Service":"Post-Service","level":"info","message":"connected to DataBase.","timestamp":"2025-07-28T07:16:57.102Z"}
{"Service":"Post-Service","level":"info","message":" Post Server  is running on port 3002","timestamp":"2025-07-28T07:17:57.407Z"}
{"Service":"Post-Service","level":"info","message":"connected to DataBase.","timestamp":"2025-07-28T07:17:57.950Z"}
{"Service":"Post-Service","level":"info","message":" Post Server  is running on port 3002","timestamp":"2025-07-28T07:18:27.573Z"}
{"Service":"Post-Service","level":"info","message":"connected to DataBase.","timestamp":"2025-07-28T07:18:28.180Z"}
{"Service":"Post-Service","level":"info","message":" Post Server  is running on port 3002","timestamp":"2025-07-28T07:18:33.131Z"}
{"Service":"Post-Service","level":"info","message":"connected to DataBase.","timestamp":"2025-07-28T07:18:33.666Z"}
{"Service":"Post-Service","level":"info","message":" Post Server  is running on port 3002","timestamp":"2025-07-28T07:18:46.046Z"}
{"Service":"Post-Service","level":"info","message":"connected to DataBase.","timestamp":"2025-07-28T07:18:46.687Z"}
{"Service":"Post-Service","level":"info","message":" Post Server  is running on port 3002","timestamp":"2025-07-28T07:19:11.164Z"}
{"Service":"Post-Service","level":"info","message":"connected to DataBase.","timestamp":"2025-07-28T07:19:11.747Z"}
{"Service":"Post-Service","level":"info","message":" Post Server  is running on port 3002","timestamp":"2025-07-28T07:23:52.577Z"}
{"Service":"Post-Service","level":"info","message":"connected to DataBase.","timestamp":"2025-07-28T07:23:53.172Z"}
{"Service":"Post-Service","level":"info","message":"Received POST request to /api/Posts/createPost","timestamp":"2025-07-28T07:25:06.243Z"}
{"Service":"Post-Service","level":"info","message":"Request body , [object Object]","timestamp":"2025-07-28T07:25:06.244Z"}
{"Service":"Post-Service","level":"info","message":"create post endpoint ...","timestamp":"2025-07-28T07:25:06.245Z"}
{"0":"\"","1":"c","10":"i","11":"s","12":" ","13":"r","14":"e","15":"q","16":"u","17":"i","18":"r","19":"e","2":"o","20":"d","3":"n","4":"t","5":"e","6":"n","7":"t","8":"\"","9":" ","Service":"Post-Service","level":"warn","message":"validation error ","timestamp":"2025-07-28T07:25:06.260Z"}
{"Service":"Post-Service","level":"info","message":"Received POST request to /api/Posts/createPost","timestamp":"2025-07-28T07:25:47.597Z"}
{"Service":"Post-Service","level":"info","message":"Request body , [object Object]","timestamp":"2025-07-28T07:25:47.597Z"}
{"Service":"Post-Service","level":"info","message":"create post endpoint ...","timestamp":"2025-07-28T07:25:47.599Z"}
{"0":"\"","1":"c","10":"l","11":"e","12":"n","13":"g","14":"t","15":"h","16":" ","17":"m","18":"u","19":"s","2":"o","20":"t","21":" ","22":"b","23":"e","24":" ","25":"l","26":"e","27":"s","28":"s","29":" ","3":"n","30":"t","31":"h","32":"a","33":"n","34":" ","35":"o","36":"r","37":" ","38":"e","39":"q","4":"t","40":"u","41":"a","42":"l","43":" ","44":"t","45":"o","46":" ","47":"1","48":"0","49":" ","5":"e","50":"c","51":"h","52":"a","53":"r","54":"a","55":"c","56":"t","57":"e","58":"r","59":"s","6":"n","60":" ","61":"l","62":"o","63":"n","64":"g","7":"t","8":"\"","9":" ","Service":"Post-Service","level":"warn","message":"validation error ","timestamp":"2025-07-28T07:25:47.600Z"}
{"Service":"Post-Service","level":"info","message":"Received POST request to /api/Posts/createPost","timestamp":"2025-07-28T07:26:11.538Z"}
{"Service":"Post-Service","level":"info","message":"Request body , [object Object]","timestamp":"2025-07-28T07:26:11.538Z"}
{"Service":"Post-Service","level":"info","message":"create post endpoint ...","timestamp":"2025-07-28T07:26:11.539Z"}
{"$__":{"$versionError":null,"activePaths":{"paths":{"content":"require","user":"require"},"states":{"default":{},"modify":{},"require":{"content":true,"user":true}}},"backup":{"activePaths":{"default":{"_id":true,"createdAt":true},"modify":{"content":true,"mediaIDs":true,"updatedAt":true,"user":true}},"validationError":null},"cachedRequired":{},"inserting":true,"op":null,"pathsToScopes":{"mediaIDs":{"__v":0,"_id":"688726138af3f02c37f70b11","content":"new post","createdAt":"2025-07-28T07:26:11.547Z","mediaIDs":[],"updatedAt":"2025-07-28T07:26:11.547Z","user":"68863c79b185d921ef9496c9"}},"saveOptions":null,"savedState":{},"saving":null,"validating":null},"$isNew":false,"Service":"Post-Service","_doc":{"__v":0,"_id":"688726138af3f02c37f70b11","content":"new post","createdAt":"2025-07-28T07:26:11.547Z","mediaIDs":[],"updatedAt":"2025-07-28T07:26:11.547Z","user":"68863c79b185d921ef9496c9"},"level":"info","message":"Post created successfully","timestamp":"2025-07-28T07:26:11.629Z"}
{"Service":"Post-Service","level":"info","message":"Received POST request to /api/Posts/createPost","timestamp":"2025-07-28T07:27:19.913Z"}
{"Service":"Post-Service","level":"info","message":"Request body , [object Object]","timestamp":"2025-07-28T07:27:19.913Z"}
{"Service":"Post-Service","level":"info","message":"create post endpoint ...","timestamp":"2025-07-28T07:27:19.914Z"}
{"$__":{"$versionError":null,"activePaths":{"paths":{"content":"require","user":"require"},"states":{"default":{},"modify":{},"require":{"content":true,"user":true}}},"backup":{"activePaths":{"default":{"_id":true,"createdAt":true},"modify":{"content":true,"mediaIDs":true,"updatedAt":true,"user":true}},"validationError":null},"cachedRequired":{},"inserting":true,"op":null,"pathsToScopes":{"mediaIDs":{"__v":0,"_id":"688726578af3f02c37f70b13","content":"new post","createdAt":"2025-07-28T07:27:19.915Z","mediaIDs":[],"updatedAt":"2025-07-28T07:27:19.915Z","user":"68863c79b185d921ef9496c9"}},"saveOptions":null,"savedState":{},"saving":null,"validating":null},"$isNew":false,"Service":"Post-Service","_doc":{"__v":0,"_id":"688726578af3f02c37f70b13","content":"new post","createdAt":"2025-07-28T07:27:19.915Z","mediaIDs":[],"updatedAt":"2025-07-28T07:27:19.915Z","user":"68863c79b185d921ef9496c9"},"level":"info","message":"Post created successfully","timestamp":"2025-07-28T07:27:19.972Z"}
